<?xml version="1.0" encoding="UTF-8"?>
<!-- Generated by org.testng.reporters.JUnitReportReporter -->
<testsuite hostname="Ranjeet-MacBook-Pro.local" failures="0" tests="3" name="TestNGFeature.Enabled2" time="31.469" errors="0" timestamp="2024-02-28T20:16:42 IST" skipped="0">
  <testcase classname="TestNGFeature.Enabled2" name="B" time="11.223"/>
  <testcase classname="TestNGFeature.Enabled2" name="A" time="10.323"/>
  <testcase classname="TestNGFeature.Enabled2" name="C" time="9.923"/>
</testsuite> <!-- TestNGFeature.Enabled2 -->
