<?xml version="1.0" encoding="UTF-8"?>
<!-- Generated by org.testng.reporters.JUnitReportReporter -->
<testsuite hostname="Ranjeet-MacBook-Pro.local" failures="0" tests="1" name="TestNGFeature.Program1" time="0.002" errors="0" timestamp="2024-02-28T21:30:17 IST" skipped="0">
  <testcase classname="TestNGFeature.Program1" name="Test3" time="0.002"/>
</testsuite> <!-- TestNGFeature.Program1 -->
