<?xml version="1.0" encoding="UTF-8"?>
<!-- Generated by org.testng.reporters.JUnitReportReporter -->
<testsuite hostname="Ranjeet-MacBook-Pro.local" failures="0" tests="4" name="TestNGFeature.DependensOnMethods1" time="0.021" errors="0" timestamp="2024-02-27T21:40:29 IST" skipped="0">
  <testcase classname="TestNGFeature.DependensOnMethods1" name="LoginTest" time="0.013"/>
  <testcase classname="TestNGFeature.DependensOnMethods1" name="Homeopage" time="0.003"/>
  <testcase classname="TestNGFeature.DependensOnMethods1" name="Createnewaccounf" time="0.002"/>
  <testcase classname="TestNGFeature.DependensOnMethods1" name="Refreshpage" time="0.003"/>
</testsuite> <!-- TestNGFeature.DependensOnMethods1 -->
