<?xml version="1.0" encoding="UTF-8"?>
<!-- Generated by org.testng.reporters.JUnitReportReporter -->
<testsuite hostname="Ranjeet-MacBook-Pro.local" failures="0" tests="1" name="Parametrization.Sum1" time="0.026" errors="0" timestamp="2024-02-29T21:16:22 IST" skipped="0">
  <testcase classname="Parametrization.Sum1" name="add" time="0.026"/>
</testsuite> <!-- Parametrization.Sum1 -->
