<?xml version="1.0" encoding="UTF-8"?>
<!-- Generated by org.testng.reporters.JUnitReportReporter -->
<testsuite hostname="Ranjeet-MacBook-Pro.local" failures="0" tests="3" name="Testng_Annotations.Demo" time="0.029" errors="0" timestamp="2024-02-26T21:28:34 IST" skipped="0">
  <testcase classname="Testng_Annotations.Demo" name="facebookpage1" time="0.012"/>
  <testcase classname="Testng_Annotations.Demo" name="facebookpage3" time="0.006"/>
  <testcase classname="Testng_Annotations.Demo" name="facebookpage2" time="0.011"/>
</testsuite> <!-- Testng_Annotations.Demo -->
