<?xml version="1.0" encoding="UTF-8"?>
<!-- Generated by org.testng.reporters.JUnitReportReporter -->
<testsuite hostname="Ranjeet-MacBook-Pro.local" failures="0" tests="1" name="Demo.Test1" time="0.019" errors="0" timestamp="2024-02-26T20:55:39 IST" skipped="0">
  <testcase classname="Demo.Test1" name="name" time="0.019"/>
</testsuite> <!-- Demo.Test1 -->
