<?xml version="1.0" encoding="UTF-8"?>
<!-- Generated by org.testng.reporters.JUnitReportReporter -->
<testsuite hostname="Ranjeet-MacBook-Pro.local" failures="0" tests="2" name="TestNGFeature.InvocationCount1" time="29.635" errors="0" timestamp="2024-02-28T20:40:18 IST" skipped="0">
  <testcase classname="TestNGFeature.InvocationCount1" name="login" time="16.449"/>
  <testcase classname="TestNGFeature.InvocationCount1" name="login" time="13.186"/>
</testsuite> <!-- TestNGFeature.InvocationCount1 -->
