<?xml version="1.0" encoding="UTF-8"?>
<!-- Generated by org.testng.reporters.JUnitReportReporter -->
<testsuite hostname="Ranjeet-MacBook-Pro.local" failures="0" tests="2" name="Demo.Parll2" time="28.973" errors="0" timestamp="2024-03-04T20:01:52 IST" skipped="0">
  <testcase classname="Demo.Parll2" name="Test2" time="14.148"/>
  <testcase classname="Demo.Parll2" name="Test1" time="14.825"/>
</testsuite> <!-- Demo.Parll2 -->
