<?xml version="1.0" encoding="UTF-8"?>
<!-- Generated by org.testng.reporters.JUnitReportReporter -->
<testsuite hostname="Ranjeet-MacBook-Pro.local" failures="0" tests="3" name="Demo.Test2" time="40.613" errors="0" timestamp="2024-02-26T21:50:53 IST" skipped="0">
  <testcase classname="Demo.Test2" name="C" time="16.145"/>
  <testcase classname="Demo.Test2" name="A" time="12.095"/>
  <testcase classname="Demo.Test2" name="B" time="12.373"/>
</testsuite> <!-- Demo.Test2 -->
