<?xml version="1.0" encoding="UTF-8"?>
<!-- Generated by org.testng.reporters.JUnitReportReporter -->
<testsuite hostname="Ranjeet-MacBook-Pro.local" failures="0" tests="2" name="TestNGFeature.Program2" time="0.017" errors="0" timestamp="2024-02-28T21:30:17 IST" skipped="0">
  <testcase classname="TestNGFeature.Program2" name="Test2" time="0.003"/>
  <testcase classname="TestNGFeature.Program2" name="Test1" time="0.014"/>
</testsuite> <!-- TestNGFeature.Program2 -->
