<?xml version="1.0" encoding="UTF-8"?>
<!-- Generated by org.testng.reporters.JUnitReportReporter -->
<testsuite hostname="Ranjeet-MacBook-Pro.local" failures="0" tests="1" name="Assertion.Assertions" time="14.588" errors="0" timestamp="2024-03-04T17:00:41 IST" skipped="0">
  <testcase classname="Assertion.Assertions" name="OrangeHRM" time="14.588"/>
</testsuite> <!-- Assertion.Assertions -->
