<?xml version="1.0" encoding="UTF-8"?>
<!-- Generated by org.testng.reporters.JUnitReportReporter -->
<testsuite hostname="Ranjeet-MacBook-Pro.local" failures="0" tests="1" name="Parametrization.Sum2" time="0.001" errors="0" timestamp="2024-02-29T21:16:22 IST" skipped="0">
  <testcase classname="Parametrization.Sum2" name="add" time="0.001"/>
</testsuite> <!-- Parametrization.Sum2 -->
