<?xml version="1.0" encoding="UTF-8"?>
<!-- Generated by org.testng.reporters.JUnitReportReporter -->
<testsuite hostname="Ranjeet-MacBook-Pro.local" failures="0" tests="4" name="DataProvider.FirstProgram2" time="70.027" errors="0" timestamp="2024-03-05T20:41:05 IST" skipped="0">
  <testcase classname="DataProvider.FirstProgram2" name="LoginTest" time="16.093"/>
  <testcase classname="DataProvider.FirstProgram2" name="LoginTest" time="15.841"/>
  <testcase classname="DataProvider.FirstProgram2" name="LoginTest" time="24.467"/>
  <testcase classname="DataProvider.FirstProgram2" name="LoginTest" time="13.626"/>
</testsuite> <!-- DataProvider.FirstProgram2 -->
