<?xml version="1.0" encoding="UTF-8"?>
<!-- Generated by org.testng.reporters.JUnitReportReporter -->
<testsuite hostname="Ranjeet-MacBook-Pro.local" failures="0" tests="1" name="Parametrization.Program1" time="15.636" errors="0" timestamp="2024-02-29T21:08:15 IST" skipped="0">
  <testcase classname="Parametrization.Program1" name="LoginTest" time="15.636"/>
</testsuite> <!-- Parametrization.Program1 -->
