<?xml version="1.0" encoding="UTF-8"?>
<!-- Generated by org.testng.reporters.JUnitReportReporter -->
<testsuite hostname="Ranjeet-MacBook-Pro.local" failures="0" tests="1" name="Parametrization.Sum3" time="0.003" errors="0" timestamp="2024-02-29T21:16:22 IST" skipped="0">
  <testcase classname="Parametrization.Sum3" name="add" time="0.003"/>
</testsuite> <!-- Parametrization.Sum3 -->
