<?xml version="1.0" encoding="UTF-8"?>
<!-- Generated by org.testng.reporters.JUnitReportReporter -->
<testsuite hostname="Ranjeet-MacBook-Pro.local" failures="0" tests="2" name="TestNGFeature.Priority1" time="0.026" errors="0" timestamp="2024-02-27T21:19:20 IST" skipped="0">
  <testcase classname="TestNGFeature.Priority1" name="AB" time="0.023"/>
  <testcase classname="TestNGFeature.Priority1" name="AD" time="0.003"/>
</testsuite> <!-- TestNGFeature.Priority1 -->
