<?xml version="1.0" encoding="UTF-8"?>
<!-- Generated by org.testng.reporters.JUnitReportReporter -->
<testsuite hostname="Ranjeet-MacBook-Pro.local" failures="0" tests="4" name="TestNGFeature.Priority2" time="0.484" errors="0" timestamp="2024-02-28T20:16:42 IST" skipped="0">
  <testcase classname="TestNGFeature.Priority2" name="AB" time="0.015"/>
  <testcase classname="TestNGFeature.Priority2" name="AD" time="0.002"/>
  <testcase classname="TestNGFeature.Priority2" name="Login" time="0.465"/>
  <testcase classname="TestNGFeature.Priority2" name="ABB" time="0.002"/>
</testsuite> <!-- TestNGFeature.Priority2 -->
