<?xml version="1.0" encoding="UTF-8"?>
<!-- Generated by org.testng.reporters.JUnitReportReporter -->
<testsuite hostname="Ranjeet-MacBook-Pro.local" failures="0" tests="2" name="TestNGFeature.Enabled1" time="29.058" errors="0" timestamp="2024-02-27T21:13:15 IST" skipped="0">
  <testcase classname="TestNGFeature.Enabled1" name="B" time="16.584"/>
  <testcase classname="TestNGFeature.Enabled1" name="A" time="12.474"/>
</testsuite> <!-- TestNGFeature.Enabled1 -->
