<?xml version="1.0" encoding="UTF-8"?>
<!-- Generated by org.testng.reporters.JUnitReportReporter -->
<testsuite hostname="Ranjeet-MacBook-Pro.local" failures="0" tests="1" name="TestNGFeature.DependensOnMethods2" time="0.016" errors="0" timestamp="2024-02-28T20:13:53 IST" skipped="0">
  <testcase classname="TestNGFeature.DependensOnMethods2" name="Createnewaccounf" time="0.016"/>
</testsuite> <!-- TestNGFeature.DependensOnMethods2 -->
