<?xml version="1.0" encoding="UTF-8"?>
<!-- Generated by org.testng.reporters.JUnitReportReporter -->
<testsuite hostname="Ranjeet-MacBook-Pro.local" failures="0" tests="1" name="TestNGFeature.Groups" time="0.037" errors="0" timestamp="2024-02-28T21:21:04 IST" skipped="0">
  <testcase classname="TestNGFeature.Groups" name="Dashboard" time="0.037"/>
</testsuite> <!-- TestNGFeature.Groups -->
