<?xml version="1.0" encoding="UTF-8"?>
<!-- Generated by org.testng.reporters.JUnitReportReporter -->
<testsuite hostname="Ranjeet-MacBook-Pro.local" failures="0" tests="3" name="CrossBrowserTesting.CTtest" time="69.425" errors="0" timestamp="2024-03-04T21:31:41 IST" skipped="0">
  <testcase classname="CrossBrowserTesting.CTtest" name="OrangeHRM" time="20.265"/>
  <testcase classname="CrossBrowserTesting.CTtest" name="OrangeHRM" time="28.873"/>
  <testcase classname="CrossBrowserTesting.CTtest" name="OrangeHRM" time="20.287"/>
</testsuite> <!-- CrossBrowserTesting.CTtest -->
